INFO:chart:Using chart repo 'ghcr.io/linuxserver/calibre'
INFO:chart:Using appVersion '7.3.0'
INFO:chart:Coerced version 7.3.0 to 7.3.0 with prefix ''
DEBUG:urllib3.connectionpool:Starting new HTTPS connection (1): api.github.com:443
DEBUG:urllib3.connectionpool:https://api.github.com:443 "GET /orgs/linuxserver/packages/container/calibre/versions HTTP/1.1" 200 None
INFO:chart:Found 56 candidates
INFO:chart:Coerced version 7.4.0 to 7.4.0 with prefix ''
INFO:chart:Found new tag 7.4.0
INFO:chart:Could not parse 'version-v7.4.0'
INFO:chart:Could not parse 'v7.4.0-ls262'
INFO:chart:Could not parse 'latest'
INFO:chart:Could not parse 'arm64v8-7.4.0'
INFO:chart:Could not parse 'arm64v8-version-v7.4.0'
INFO:chart:Could not parse 'arm64v8-v7.4.0-ls262'
INFO:chart:Could not parse 'arm64v8-latest'
INFO:chart:Could not parse 'amd64-7.4.0'
INFO:chart:Could not parse 'amd64-version-v7.4.0'
INFO:chart:Could not parse 'amd64-v7.4.0-ls262'
INFO:chart:Could not parse 'amd64-latest'
INFO:chart:Could not parse 'v7.3.0-ls262'
INFO:chart:Coerced version 7.3.0 to 7.3.0 with prefix ''
INFO:chart:Tag 7.3.0 is not newer than 7.3.0
INFO:chart:Could not parse 'version-v7.3.0'
INFO:chart:Could not parse 'arm64v8-v7.3.0-ls262'
INFO:chart:Could not parse 'arm64v8-7.3.0'
INFO:chart:Could not parse 'arm64v8-version-v7.3.0'
INFO:chart:Could not parse 'amd64-v7.3.0-ls262'
INFO:chart:Could not parse 'amd64-7.3.0'
INFO:chart:Could not parse 'amd64-version-v7.3.0'
INFO:chart:Could not parse 'v4-4.23.0-ls57'
INFO:chart:Coerced version 4.23.0-v4 to 4.23.0-v4 with prefix ''
DEBUG:chart:Skipping 4.23.0-v4, current version doesn't allow prerelease
INFO:chart:Could not parse 'v4-version-4.23.0'
INFO:chart:Could not parse 'v4'
INFO:chart:Could not parse 'v4-4.23.0-ls56'
INFO:chart:Could not parse 'v7.3.0-ls261'
INFO:chart:Could not parse 'arm64v8-v7.3.0-ls261'
INFO:chart:Could not parse 'amd64-v7.3.0-ls261'
INFO:chart:Could not parse 'v7.3.0-ls260'
INFO:chart:Could not parse 'arm64v8-v7.3.0-ls260'
INFO:chart:Could not parse 'amd64-v7.3.0-ls260'
INFO:chart:Could not parse 'v7.2.0-ls259'
INFO:chart:Coerced version 7.2.0 to 7.2.0 with prefix ''
INFO:chart:Tag 7.2.0 is not newer than 7.3.0
INFO:chart:Could not parse 'version-v7.2.0'
INFO:chart:Could not parse 'arm64v8-v7.2.0-ls259'
INFO:chart:Could not parse 'arm64v8-7.2.0'
INFO:chart:Could not parse 'arm64v8-version-v7.2.0'
INFO:chart:Could not parse 'amd64-v7.2.0-ls259'
INFO:chart:Could not parse 'amd64-7.2.0'
INFO:chart:Could not parse 'amd64-version-v7.2.0'
INFO:chart:Could not parse 'v4-4.23.0-ls55'
INFO:chart:Could not parse 'v7.2.0-ls258'
INFO:chart:Could not parse 'arm64v8-v7.2.0-ls258'
INFO:chart:Could not parse 'amd64-v7.2.0-ls258'
INFO:chart:Could not parse 'v4-4.23.0-ls54'
INFO:chart:Could not parse 'v7.2.0-ls257'
INFO:chart:Could not parse 'arm64v8-v7.2.0-ls257'
INFO:chart:Could not parse 'amd64-v7.2.0-ls257'
INFO:chart:Could not parse 'v4-4.23.0-ls53'
INFO:chart:Could not parse 'v7.2.0-ls256'
INFO:chart:Could not parse 'arm64v8-v7.2.0-ls256'
INFO:chart:Could not parse 'amd64-v7.2.0-ls256'
INFO:chart:Could not parse 'v7.1.0-ls256'
INFO:chart:Coerced version 7.1.0 to 7.1.0 with prefix ''
INFO:chart:Tag 7.1.0 is not newer than 7.3.0
INFO:chart:Could not parse 'version-v7.1.0'
