INFO:chart:Using chart repo 'ghcr.io/ajnart/homarr'
INFO:chart:Using appVersion '0.14.3'
INFO:chart:Coerced version 0.14.3 to 0.14.3 with prefix ''
DEBUG:urllib3.connectionpool:Starting new HTTPS connection (1): api.github.com:443
DEBUG:urllib3.connectionpool:https://api.github.com:443 "GET /orgs/ajnart/packages/container/homarr/versions HTTP/1.1" 404 None
DEBUG:urllib3.connectionpool:Starting new HTTPS connection (1): api.github.com:443
DEBUG:urllib3.connectionpool:https://api.github.com:443 "GET /users/ajnart/packages/container/homarr/versions HTTP/1.1" 200 None
INFO:chart:Found 3 candidates
INFO:chart:Coerced version 0.14.4 to 0.14.4 with prefix ''
INFO:chart:Found new tag 0.14.4
INFO:chart:Could not parse 'latest'
INFO:chart:Could not parse 'dev'
INFO:chart:Using chart repo 'ghcr.io/ajnart/homarr'
INFO:chart:Using appVersion '0.14.4'
INFO:chart:Coerced version 0.14.4 to 0.14.4 with prefix ''
DEBUG:urllib3.connectionpool:Starting new HTTPS connection (1): api.github.com:443
DEBUG:urllib3.connectionpool:https://api.github.com:443 "GET /orgs/ajnart/packages/container/homarr/versions HTTP/1.1" 404 None
DEBUG:urllib3.connectionpool:Starting new HTTPS connection (1): api.github.com:443
DEBUG:urllib3.connectionpool:https://api.github.com:443 "GET /users/ajnart/packages/container/homarr/versions HTTP/1.1" 200 None
INFO:chart:Found 3 candidates
INFO:chart:Coerced version 0.14.4 to 0.14.4 with prefix ''
INFO:chart:Tag 0.14.4 is not newer than 0.14.4
INFO:chart:Could not parse 'latest'
INFO:chart:Could not parse 'dev'
